<?xml version="1.0" encoding="UTF-8"?>
<!-- Generated by org.testng.reporters.JUnitXMLReporter -->
<testsuite ignored="0" hostname="Sandeep" failures="0" tests="22" name="Default test" time="252.1" errors="0" timestamp="2024-09-10T15:54:41 IST">
  <testcase classname="assessment_GIC.III_SignUPPage" name="webPageTitle" time="0.011"/>
  <testcase classname="assessment_GIC.III_SignUPPage" name="signUpTextfields" time="0.288"/>
  <testcase classname="assessment_GIC.VIIII_Logout" name="allFeatures" time="8.52"/>
  <testcase classname="assessment_GIC.VII_UploadCV" name="UploadFile" time="5.502"/>
  <testcase classname="assessment_GIC.VI_LoginValidation" name="loginValidation1" time="1.247"/>
  <testcase classname="assessment_GIC.VI_LoginValidation" name="loginValidation2" time="0.79"/>
  <testcase classname="assessment_GIC.VI_LoginValidation" name="loginValidation3" time="0.327"/>
  <testcase classname="assessment_GIC.VI_LoginValidation" name="loginValidation4" time="0.727"/>
  <testcase classname="assessment_GIC.VI_LoginValidation" name="loginValidation5" time="0.8"/>
  <testcase classname="assessment_GIC.VI_LoginValidation" name="loginValidation6" time="0.857"/>
  <testcase classname="assessment_GIC.V_LoginPage" name="signInTextfield" time="0.049"/>
  <testcase classname="assessment_GIC.VIII_SeeEachFeature" name="allFeatures" time="45.251"/>
  <testcase classname="assessment_GIC.IV_SignUpValidation" name="SignUpValidation1" time="2.697"/>
  <testcase classname="assessment_GIC.IV_SignUpValidation" name="SignUpValidation2" time="2.577"/>
  <testcase classname="assessment_GIC.IV_SignUpValidation" name="signUpValidation3" time="2.579"/>
  <testcase classname="assessment_GIC.IV_SignUpValidation" name="signUpValidation4" time="2.689"/>
  <testcase classname="assessment_GIC.IV_SignUpValidation" name="signUpValidation5" time="2.625"/>
  <testcase classname="assessment_GIC.IV_SignUpValidation" name="signUpValidation6" time="2.653"/>
  <testcase classname="assessment_GIC.IV_SignUpValidation" name="signUpValidation7" time="2.677"/>
  <testcase classname="assessment_GIC.IV_SignUpValidation" name="signUpValidation8" time="2.911"/>
  <testcase classname="assessment_GIC.IV_SignUpValidation" name="signUpValidation9" time="2.777"/>
  <testcase classname="assessment_GIC.IV_SignUpValidation" name="signUpValidation10" time="2.686"/>
</testsuite> <!-- Default test -->
