<?xml version="1.0" encoding="UTF-8"?>
<testng-results ignored="0" total="22" passed="22" failed="0" skipped="0">
  <reporter-output>
    <line>
      <![CDATA[Title of WebPage: Login | Germany Is Calling]]>
    </line>
    <line>
      <![CDATA[Name TextField is Displayed]]>
    </line>
    <line>
      <![CDATA[Email TextField is Displayed]]>
    </line>
    <line>
      <![CDATA[Password TextField is Displayed]]>
    </line>
    <line>
      <![CDATA[SignUp button is Enabled]]>
    </line>
    <line>
      <![CDATA[Successfully Logout ]]>
    </line>
    <line>
      <![CDATA[Login successful for Email: sandeepsaroj72040@gmail.com and password: Sandeep@12345]]>
    </line>
    <line>
      <![CDATA[Login Failed ErrorMessage = Please enter a correct username and password. Note that both fields may be case-sensitive.]]>
    </line>
    <line>
      <![CDATA[Login Failed ErrorMessage = Email: This field is required.]]>
    </line>
    <line>
      <![CDATA[Login Failed ErrorMessage = Please enter a correct username and password. Note that both fields may be case-sensitive.]]>
    </line>
    <line>
      <![CDATA[Login Failed ErrorMessage = Please enter a correct username and password. Note that both fields may be case-sensitive.]]>
    </line>
    <line>
      <![CDATA[Login Failed ErrorMessage = Please enter a correct username and password. Note that both fields may be case-sensitive.]]>
    </line>
    <line>
      <![CDATA[Email TextField is Displayed]]>
    </line>
    <line>
      <![CDATA[Password TextField is Displayed]]>
    </line>
    <line>
      <![CDATA[Login button is Enabled]]>
    </line>
    <line>
      <![CDATA[SignUp Failed ErrorMessage = Email: Email already exists.]]>
    </line>
    <line>
      <![CDATA[SignUp Failed ErrorMessage = Email: This field is required.
Password: This field is required.]]>
    </line>
    <line>
      <![CDATA[SignUp Failed ErrorMessage = Email: This field is required.
Password: This field is required.]]>
    </line>
    <line>
      <![CDATA[SignUp Failed ErrorMessage = Email: Email already exists.
Password: This field is required.]]>
    </line>
    <line>
      <![CDATA[SignUp Failed ErrorMessage = Email: Must be a valid email address.
Password: This password is too short. It must contain at least 8 characters. This password is too common. This password is entirely numeric.]]>
    </line>
    <line>
      <![CDATA[SignUp Failed ErrorMessage = Email: Must be a valid email address.]]>
    </line>
    <line>
      <![CDATA[SignUp Failed ErrorMessage = Email: Email already exists.]]>
    </line>
    <line>
      <![CDATA[SignUp Failed ErrorMessage = Email: Must be a valid email address.]]>
    </line>
    <line>
      <![CDATA[SignUp Failed ErrorMessage = Email: Email already exists.]]>
    </line>
    <line>
      <![CDATA[SignUp Failed ErrorMessage = Email: Must be a valid email address.]]>
    </line>
  </reporter-output>
  <suite started-at="2024-09-10T15:50:29 IST" name="Default suite" finished-at="2024-09-10T15:54:41 IST" duration-ms="252100">
    <groups>
    </groups>
    <test started-at="2024-09-10T15:50:29 IST" name="Default test" finished-at="2024-09-10T15:54:41 IST" duration-ms="252100">
      <class name="assessment_GIC.III_SignUPPage">
        <test-method is-config="true" signature="launchBrowser()[pri:0, instance:assessment_GIC.III_SignUPPage@544fa968]" started-at="2024-09-10T15:50:29 IST" name="launchBrowser" finished-at="2024-09-10T15:50:31 IST" duration-ms="2773" status="PASS">
          <reporter-output>
          </reporter-output>
        </test-method> <!-- launchBrowser -->
        <test-method signature="webPageTitle()[pri:1, instance:assessment_GIC.III_SignUPPage@544fa968]" started-at="2024-09-10T15:50:31 IST" name="webPageTitle" finished-at="2024-09-10T15:50:31 IST" duration-ms="11" status="PASS">
          <reporter-output>
            <line>
              <![CDATA[Title of WebPage: Login | Germany Is Calling]]>
            </line>
          </reporter-output>
        </test-method> <!-- webPageTitle -->
        <test-method is-config="true" signature="closeBrowser()[pri:0, instance:assessment_GIC.III_SignUPPage@544fa968]" started-at="2024-09-10T15:50:31 IST" name="closeBrowser" finished-at="2024-09-10T15:50:37 IST" duration-ms="5252" status="PASS">
          <reporter-output>
          </reporter-output>
        </test-method> <!-- closeBrowser -->
        <test-method is-config="true" signature="launchBrowser()[pri:0, instance:assessment_GIC.III_SignUPPage@544fa968]" started-at="2024-09-10T15:50:37 IST" name="launchBrowser" finished-at="2024-09-10T15:50:39 IST" duration-ms="2058" status="PASS">
          <reporter-output>
          </reporter-output>
        </test-method> <!-- launchBrowser -->
        <test-method signature="signUpTextfields()[pri:2, instance:assessment_GIC.III_SignUPPage@544fa968]" started-at="2024-09-10T15:50:39 IST" name="signUpTextfields" finished-at="2024-09-10T15:50:39 IST" duration-ms="288" status="PASS">
          <reporter-output>
            <line>
              <![CDATA[Name TextField is Displayed]]>
            </line>
            <line>
              <![CDATA[Email TextField is Displayed]]>
            </line>
            <line>
              <![CDATA[Password TextField is Displayed]]>
            </line>
            <line>
              <![CDATA[SignUp button is Enabled]]>
            </line>
          </reporter-output>
        </test-method> <!-- signUpTextfields -->
        <test-method is-config="true" signature="closeBrowser()[pri:0, instance:assessment_GIC.III_SignUPPage@544fa968]" started-at="2024-09-10T15:50:39 IST" name="closeBrowser" finished-at="2024-09-10T15:50:44 IST" duration-ms="5209" status="PASS">
          <reporter-output>
          </reporter-output>
        </test-method> <!-- closeBrowser -->
      </class> <!-- assessment_GIC.III_SignUPPage -->
      <class name="assessment_GIC.VIIII_Logout">
        <test-method is-config="true" signature="launchBrowser()[pri:0, instance:assessment_GIC.VIIII_Logout@65d09a04]" started-at="2024-09-10T15:50:44 IST" name="launchBrowser" finished-at="2024-09-10T15:50:46 IST" duration-ms="2126" status="PASS">
          <reporter-output>
          </reporter-output>
        </test-method> <!-- launchBrowser -->
        <test-method signature="allFeatures()[pri:22, instance:assessment_GIC.VIIII_Logout@65d09a04]" started-at="2024-09-10T15:50:46 IST" name="allFeatures" finished-at="2024-09-10T15:50:55 IST" duration-ms="8520" status="PASS">
          <reporter-output>
            <line>
              <![CDATA[Successfully Logout ]]>
            </line>
          </reporter-output>
        </test-method> <!-- allFeatures -->
        <test-method is-config="true" signature="closeBrowser()[pri:0, instance:assessment_GIC.VIIII_Logout@65d09a04]" started-at="2024-09-10T15:50:55 IST" name="closeBrowser" finished-at="2024-09-10T15:51:00 IST" duration-ms="5226" status="PASS">
          <reporter-output>
          </reporter-output>
        </test-method> <!-- closeBrowser -->
      </class> <!-- assessment_GIC.VIIII_Logout -->
      <class name="assessment_GIC.VII_UploadCV">
        <test-method is-config="true" signature="launchBrowser()[pri:0, instance:assessment_GIC.VII_UploadCV@33c911a1]" started-at="2024-09-10T15:51:00 IST" name="launchBrowser" finished-at="2024-09-10T15:51:02 IST" duration-ms="2134" status="PASS">
          <reporter-output>
          </reporter-output>
        </test-method> <!-- launchBrowser -->
        <test-method signature="UploadFile()[pri:20, instance:assessment_GIC.VII_UploadCV@33c911a1]" started-at="2024-09-10T15:51:02 IST" name="UploadFile" finished-at="2024-09-10T15:51:08 IST" duration-ms="5502" status="PASS">
          <reporter-output>
          </reporter-output>
        </test-method> <!-- UploadFile -->
        <test-method is-config="true" signature="closeBrowser()[pri:0, instance:assessment_GIC.VII_UploadCV@33c911a1]" started-at="2024-09-10T15:51:08 IST" name="closeBrowser" finished-at="2024-09-10T15:51:13 IST" duration-ms="5301" status="PASS">
          <reporter-output>
          </reporter-output>
        </test-method> <!-- closeBrowser -->
      </class> <!-- assessment_GIC.VII_UploadCV -->
      <class name="assessment_GIC.VI_LoginValidation">
        <test-method is-config="true" signature="launchBrowser()[pri:0, instance:assessment_GIC.VI_LoginValidation@75db5df9]" started-at="2024-09-10T15:51:13 IST" name="launchBrowser" finished-at="2024-09-10T15:51:15 IST" duration-ms="2011" status="PASS">
          <reporter-output>
          </reporter-output>
        </test-method> <!-- launchBrowser -->
        <test-method signature="loginValidation1()[pri:14, instance:assessment_GIC.VI_LoginValidation@75db5df9]" started-at="2024-09-10T15:51:15 IST" name="loginValidation1" finished-at="2024-09-10T15:51:16 IST" duration-ms="1247" status="PASS">
          <reporter-output>
            <line>
              <![CDATA[Login successful for Email: sandeepsaroj72040@gmail.com and password: Sandeep@12345]]>
            </line>
          </reporter-output>
        </test-method> <!-- loginValidation1 -->
        <test-method is-config="true" signature="closeBrowser()[pri:0, instance:assessment_GIC.VI_LoginValidation@75db5df9]" started-at="2024-09-10T15:51:16 IST" name="closeBrowser" finished-at="2024-09-10T15:51:22 IST" duration-ms="5211" status="PASS">
          <reporter-output>
          </reporter-output>
        </test-method> <!-- closeBrowser -->
        <test-method is-config="true" signature="launchBrowser()[pri:0, instance:assessment_GIC.VI_LoginValidation@75db5df9]" started-at="2024-09-10T15:51:22 IST" name="launchBrowser" finished-at="2024-09-10T15:51:23 IST" duration-ms="1963" status="PASS">
          <reporter-output>
          </reporter-output>
        </test-method> <!-- launchBrowser -->
        <test-method signature="loginValidation2()[pri:15, instance:assessment_GIC.VI_LoginValidation@75db5df9]" started-at="2024-09-10T15:51:23 IST" name="loginValidation2" finished-at="2024-09-10T15:51:24 IST" duration-ms="790" status="PASS">
          <reporter-output>
            <line>
              <![CDATA[Login Failed ErrorMessage = Please enter a correct username and password. Note that both fields may be case-sensitive.]]>
            </line>
          </reporter-output>
        </test-method> <!-- loginValidation2 -->
        <test-method is-config="true" signature="closeBrowser()[pri:0, instance:assessment_GIC.VI_LoginValidation@75db5df9]" started-at="2024-09-10T15:51:24 IST" name="closeBrowser" finished-at="2024-09-10T15:51:30 IST" duration-ms="5220" status="PASS">
          <reporter-output>
          </reporter-output>
        </test-method> <!-- closeBrowser -->
        <test-method is-config="true" signature="launchBrowser()[pri:0, instance:assessment_GIC.VI_LoginValidation@75db5df9]" started-at="2024-09-10T15:51:30 IST" name="launchBrowser" finished-at="2024-09-10T15:51:32 IST" duration-ms="2094" status="PASS">
          <reporter-output>
          </reporter-output>
        </test-method> <!-- launchBrowser -->
        <test-method signature="loginValidation3()[pri:16, instance:assessment_GIC.VI_LoginValidation@75db5df9]" started-at="2024-09-10T15:51:32 IST" name="loginValidation3" finished-at="2024-09-10T15:51:32 IST" duration-ms="327" status="PASS">
          <reporter-output>
            <line>
              <![CDATA[Login Failed ErrorMessage = Email: This field is required.]]>
            </line>
          </reporter-output>
        </test-method> <!-- loginValidation3 -->
        <test-method is-config="true" signature="closeBrowser()[pri:0, instance:assessment_GIC.VI_LoginValidation@75db5df9]" started-at="2024-09-10T15:51:32 IST" name="closeBrowser" finished-at="2024-09-10T15:51:37 IST" duration-ms="5210" status="PASS">
          <reporter-output>
          </reporter-output>
        </test-method> <!-- closeBrowser -->
        <test-method is-config="true" signature="launchBrowser()[pri:0, instance:assessment_GIC.VI_LoginValidation@75db5df9]" started-at="2024-09-10T15:51:37 IST" name="launchBrowser" finished-at="2024-09-10T15:51:39 IST" duration-ms="2003" status="PASS">
          <reporter-output>
          </reporter-output>
        </test-method> <!-- launchBrowser -->
        <test-method signature="loginValidation4()[pri:17, instance:assessment_GIC.VI_LoginValidation@75db5df9]" started-at="2024-09-10T15:51:39 IST" name="loginValidation4" finished-at="2024-09-10T15:51:40 IST" duration-ms="727" status="PASS">
          <reporter-output>
            <line>
              <![CDATA[Login Failed ErrorMessage = Please enter a correct username and password. Note that both fields may be case-sensitive.]]>
            </line>
          </reporter-output>
        </test-method> <!-- loginValidation4 -->
        <test-method is-config="true" signature="closeBrowser()[pri:0, instance:assessment_GIC.VI_LoginValidation@75db5df9]" started-at="2024-09-10T15:51:40 IST" name="closeBrowser" finished-at="2024-09-10T15:51:45 IST" duration-ms="5258" status="PASS">
          <reporter-output>
          </reporter-output>
        </test-method> <!-- closeBrowser -->
        <test-method is-config="true" signature="launchBrowser()[pri:0, instance:assessment_GIC.VI_LoginValidation@75db5df9]" started-at="2024-09-10T15:51:45 IST" name="launchBrowser" finished-at="2024-09-10T15:51:47 IST" duration-ms="1992" status="PASS">
          <reporter-output>
          </reporter-output>
        </test-method> <!-- launchBrowser -->
        <test-method signature="loginValidation5()[pri:18, instance:assessment_GIC.VI_LoginValidation@75db5df9]" started-at="2024-09-10T15:51:47 IST" name="loginValidation5" finished-at="2024-09-10T15:51:48 IST" duration-ms="800" status="PASS">
          <reporter-output>
            <line>
              <![CDATA[Login Failed ErrorMessage = Please enter a correct username and password. Note that both fields may be case-sensitive.]]>
            </line>
          </reporter-output>
        </test-method> <!-- loginValidation5 -->
        <test-method is-config="true" signature="closeBrowser()[pri:0, instance:assessment_GIC.VI_LoginValidation@75db5df9]" started-at="2024-09-10T15:51:48 IST" name="closeBrowser" finished-at="2024-09-10T15:51:53 IST" duration-ms="5210" status="PASS">
          <reporter-output>
          </reporter-output>
        </test-method> <!-- closeBrowser -->
        <test-method is-config="true" signature="launchBrowser()[pri:0, instance:assessment_GIC.VI_LoginValidation@75db5df9]" started-at="2024-09-10T15:51:53 IST" name="launchBrowser" finished-at="2024-09-10T15:51:55 IST" duration-ms="2125" status="PASS">
          <reporter-output>
          </reporter-output>
        </test-method> <!-- launchBrowser -->
        <test-method signature="loginValidation6()[pri:19, instance:assessment_GIC.VI_LoginValidation@75db5df9]" started-at="2024-09-10T15:51:55 IST" name="loginValidation6" finished-at="2024-09-10T15:51:56 IST" duration-ms="857" status="PASS">
          <reporter-output>
            <line>
              <![CDATA[Login Failed ErrorMessage = Please enter a correct username and password. Note that both fields may be case-sensitive.]]>
            </line>
          </reporter-output>
        </test-method> <!-- loginValidation6 -->
        <test-method is-config="true" signature="closeBrowser()[pri:0, instance:assessment_GIC.VI_LoginValidation@75db5df9]" started-at="2024-09-10T15:51:56 IST" name="closeBrowser" finished-at="2024-09-10T15:52:01 IST" duration-ms="5223" status="PASS">
          <reporter-output>
          </reporter-output>
        </test-method> <!-- closeBrowser -->
      </class> <!-- assessment_GIC.VI_LoginValidation -->
      <class name="assessment_GIC.V_LoginPage">
        <test-method is-config="true" signature="launchBrowser()[pri:0, instance:assessment_GIC.V_LoginPage@707194ba]" started-at="2024-09-10T15:52:01 IST" name="launchBrowser" finished-at="2024-09-10T15:52:03 IST" duration-ms="2068" status="PASS">
          <reporter-output>
          </reporter-output>
        </test-method> <!-- launchBrowser -->
        <test-method signature="signInTextfield()[pri:13, instance:assessment_GIC.V_LoginPage@707194ba]" started-at="2024-09-10T15:52:03 IST" name="signInTextfield" finished-at="2024-09-10T15:52:03 IST" duration-ms="49" status="PASS">
          <reporter-output>
            <line>
              <![CDATA[Email TextField is Displayed]]>
            </line>
            <line>
              <![CDATA[Password TextField is Displayed]]>
            </line>
            <line>
              <![CDATA[Login button is Enabled]]>
            </line>
          </reporter-output>
        </test-method> <!-- signInTextfield -->
        <test-method is-config="true" signature="closeBrowser()[pri:0, instance:assessment_GIC.V_LoginPage@707194ba]" started-at="2024-09-10T15:52:03 IST" name="closeBrowser" finished-at="2024-09-10T15:52:09 IST" duration-ms="5231" status="PASS">
          <reporter-output>
          </reporter-output>
        </test-method> <!-- closeBrowser -->
      </class> <!-- assessment_GIC.V_LoginPage -->
      <class name="assessment_GIC.VIII_SeeEachFeature">
        <test-method is-config="true" signature="launchBrowser()[pri:0, instance:assessment_GIC.VIII_SeeEachFeature@1190200a]" started-at="2024-09-10T15:52:09 IST" name="launchBrowser" finished-at="2024-09-10T15:52:11 IST" duration-ms="1953" status="PASS">
          <reporter-output>
          </reporter-output>
        </test-method> <!-- launchBrowser -->
        <test-method signature="allFeatures()[pri:21, instance:assessment_GIC.VIII_SeeEachFeature@1190200a]" started-at="2024-09-10T15:52:11 IST" name="allFeatures" finished-at="2024-09-10T15:52:56 IST" duration-ms="45251" status="PASS">
          <reporter-output>
          </reporter-output>
        </test-method> <!-- allFeatures -->
        <test-method is-config="true" signature="closeBrowser()[pri:0, instance:assessment_GIC.VIII_SeeEachFeature@1190200a]" started-at="2024-09-10T15:52:56 IST" name="closeBrowser" finished-at="2024-09-10T15:53:01 IST" duration-ms="5262" status="PASS">
          <reporter-output>
          </reporter-output>
        </test-method> <!-- closeBrowser -->
      </class> <!-- assessment_GIC.VIII_SeeEachFeature -->
      <class name="assessment_GIC.IV_SignUpValidation">
        <test-method is-config="true" signature="launchBrowser()[pri:0, instance:assessment_GIC.IV_SignUpValidation@45b4c3a9]" started-at="2024-09-10T15:53:01 IST" name="launchBrowser" finished-at="2024-09-10T15:53:03 IST" duration-ms="2074" status="PASS">
          <reporter-output>
          </reporter-output>
        </test-method> <!-- launchBrowser -->
        <test-method signature="SignUpValidation1()[pri:3, instance:assessment_GIC.IV_SignUpValidation@45b4c3a9]" started-at="2024-09-10T15:53:03 IST" name="SignUpValidation1" finished-at="2024-09-10T15:53:06 IST" duration-ms="2697" status="PASS">
          <reporter-output>
            <line>
              <![CDATA[SignUp Failed ErrorMessage = Email: Email already exists.]]>
            </line>
          </reporter-output>
        </test-method> <!-- SignUpValidation1 -->
        <test-method is-config="true" signature="closeBrowser()[pri:0, instance:assessment_GIC.IV_SignUpValidation@45b4c3a9]" started-at="2024-09-10T15:53:06 IST" name="closeBrowser" finished-at="2024-09-10T15:53:11 IST" duration-ms="5228" status="PASS">
          <reporter-output>
          </reporter-output>
        </test-method> <!-- closeBrowser -->
        <test-method is-config="true" signature="launchBrowser()[pri:0, instance:assessment_GIC.IV_SignUpValidation@45b4c3a9]" started-at="2024-09-10T15:53:11 IST" name="launchBrowser" finished-at="2024-09-10T15:53:13 IST" duration-ms="2020" status="PASS">
          <reporter-output>
          </reporter-output>
        </test-method> <!-- launchBrowser -->
        <test-method signature="SignUpValidation2()[pri:4, instance:assessment_GIC.IV_SignUpValidation@45b4c3a9]" started-at="2024-09-10T15:53:13 IST" name="SignUpValidation2" finished-at="2024-09-10T15:53:16 IST" duration-ms="2577" status="PASS">
          <reporter-output>
            <line>
              <![CDATA[SignUp Failed ErrorMessage = Email: This field is required.
Password: This field is required.]]>
            </line>
          </reporter-output>
        </test-method> <!-- SignUpValidation2 -->
        <test-method is-config="true" signature="closeBrowser()[pri:0, instance:assessment_GIC.IV_SignUpValidation@45b4c3a9]" started-at="2024-09-10T15:53:16 IST" name="closeBrowser" finished-at="2024-09-10T15:53:21 IST" duration-ms="5237" status="PASS">
          <reporter-output>
          </reporter-output>
        </test-method> <!-- closeBrowser -->
        <test-method is-config="true" signature="launchBrowser()[pri:0, instance:assessment_GIC.IV_SignUpValidation@45b4c3a9]" started-at="2024-09-10T15:53:21 IST" name="launchBrowser" finished-at="2024-09-10T15:53:23 IST" duration-ms="1941" status="PASS">
          <reporter-output>
          </reporter-output>
        </test-method> <!-- launchBrowser -->
        <test-method signature="signUpValidation3()[pri:5, instance:assessment_GIC.IV_SignUpValidation@45b4c3a9]" started-at="2024-09-10T15:53:23 IST" name="signUpValidation3" finished-at="2024-09-10T15:53:26 IST" duration-ms="2579" status="PASS">
          <reporter-output>
            <line>
              <![CDATA[SignUp Failed ErrorMessage = Email: This field is required.
Password: This field is required.]]>
            </line>
          </reporter-output>
        </test-method> <!-- signUpValidation3 -->
        <test-method is-config="true" signature="closeBrowser()[pri:0, instance:assessment_GIC.IV_SignUpValidation@45b4c3a9]" started-at="2024-09-10T15:53:26 IST" name="closeBrowser" finished-at="2024-09-10T15:53:31 IST" duration-ms="5203" status="PASS">
          <reporter-output>
          </reporter-output>
        </test-method> <!-- closeBrowser -->
        <test-method is-config="true" signature="launchBrowser()[pri:0, instance:assessment_GIC.IV_SignUpValidation@45b4c3a9]" started-at="2024-09-10T15:53:31 IST" name="launchBrowser" finished-at="2024-09-10T15:53:33 IST" duration-ms="2090" status="PASS">
          <reporter-output>
          </reporter-output>
        </test-method> <!-- launchBrowser -->
        <test-method signature="signUpValidation4()[pri:6, instance:assessment_GIC.IV_SignUpValidation@45b4c3a9]" started-at="2024-09-10T15:53:33 IST" name="signUpValidation4" finished-at="2024-09-10T15:53:35 IST" duration-ms="2689" status="PASS">
          <reporter-output>
            <line>
              <![CDATA[SignUp Failed ErrorMessage = Email: Email already exists.
Password: This field is required.]]>
            </line>
          </reporter-output>
        </test-method> <!-- signUpValidation4 -->
        <test-method is-config="true" signature="closeBrowser()[pri:0, instance:assessment_GIC.IV_SignUpValidation@45b4c3a9]" started-at="2024-09-10T15:53:35 IST" name="closeBrowser" finished-at="2024-09-10T15:53:41 IST" duration-ms="5219" status="PASS">
          <reporter-output>
          </reporter-output>
        </test-method> <!-- closeBrowser -->
        <test-method is-config="true" signature="launchBrowser()[pri:0, instance:assessment_GIC.IV_SignUpValidation@45b4c3a9]" started-at="2024-09-10T15:53:41 IST" name="launchBrowser" finished-at="2024-09-10T15:53:43 IST" duration-ms="2066" status="PASS">
          <reporter-output>
          </reporter-output>
        </test-method> <!-- launchBrowser -->
        <test-method signature="signUpValidation5()[pri:7, instance:assessment_GIC.IV_SignUpValidation@45b4c3a9]" started-at="2024-09-10T15:53:43 IST" name="signUpValidation5" finished-at="2024-09-10T15:53:45 IST" duration-ms="2625" status="PASS">
          <reporter-output>
            <line>
              <![CDATA[SignUp Failed ErrorMessage = Email: Must be a valid email address.
Password: This password is too short. It must contain at least 8 characters. This password is too common. This password is entirely numeric.]]>
            </line>
          </reporter-output>
        </test-method> <!-- signUpValidation5 -->
        <test-method is-config="true" signature="closeBrowser()[pri:0, instance:assessment_GIC.IV_SignUpValidation@45b4c3a9]" started-at="2024-09-10T15:53:45 IST" name="closeBrowser" finished-at="2024-09-10T15:53:51 IST" duration-ms="5239" status="PASS">
          <reporter-output>
          </reporter-output>
        </test-method> <!-- closeBrowser -->
        <test-method is-config="true" signature="launchBrowser()[pri:0, instance:assessment_GIC.IV_SignUpValidation@45b4c3a9]" started-at="2024-09-10T15:53:51 IST" name="launchBrowser" finished-at="2024-09-10T15:53:53 IST" duration-ms="1902" status="PASS">
          <reporter-output>
          </reporter-output>
        </test-method> <!-- launchBrowser -->
        <test-method signature="signUpValidation6()[pri:8, instance:assessment_GIC.IV_SignUpValidation@45b4c3a9]" started-at="2024-09-10T15:53:53 IST" name="signUpValidation6" finished-at="2024-09-10T15:53:55 IST" duration-ms="2653" status="PASS">
          <reporter-output>
            <line>
              <![CDATA[SignUp Failed ErrorMessage = Email: Must be a valid email address.]]>
            </line>
          </reporter-output>
        </test-method> <!-- signUpValidation6 -->
        <test-method is-config="true" signature="closeBrowser()[pri:0, instance:assessment_GIC.IV_SignUpValidation@45b4c3a9]" started-at="2024-09-10T15:53:55 IST" name="closeBrowser" finished-at="2024-09-10T15:54:00 IST" duration-ms="5232" status="PASS">
          <reporter-output>
          </reporter-output>
        </test-method> <!-- closeBrowser -->
        <test-method is-config="true" signature="launchBrowser()[pri:0, instance:assessment_GIC.IV_SignUpValidation@45b4c3a9]" started-at="2024-09-10T15:54:00 IST" name="launchBrowser" finished-at="2024-09-10T15:54:03 IST" duration-ms="2325" status="PASS">
          <reporter-output>
          </reporter-output>
        </test-method> <!-- launchBrowser -->
        <test-method signature="signUpValidation7()[pri:9, instance:assessment_GIC.IV_SignUpValidation@45b4c3a9]" started-at="2024-09-10T15:54:03 IST" name="signUpValidation7" finished-at="2024-09-10T15:54:05 IST" duration-ms="2677" status="PASS">
          <reporter-output>
            <line>
              <![CDATA[SignUp Failed ErrorMessage = Email: Email already exists.]]>
            </line>
          </reporter-output>
        </test-method> <!-- signUpValidation7 -->
        <test-method is-config="true" signature="closeBrowser()[pri:0, instance:assessment_GIC.IV_SignUpValidation@45b4c3a9]" started-at="2024-09-10T15:54:05 IST" name="closeBrowser" finished-at="2024-09-10T15:54:11 IST" duration-ms="5267" status="PASS">
          <reporter-output>
          </reporter-output>
        </test-method> <!-- closeBrowser -->
        <test-method is-config="true" signature="launchBrowser()[pri:0, instance:assessment_GIC.IV_SignUpValidation@45b4c3a9]" started-at="2024-09-10T15:54:11 IST" name="launchBrowser" finished-at="2024-09-10T15:54:13 IST" duration-ms="1961" status="PASS">
          <reporter-output>
          </reporter-output>
        </test-method> <!-- launchBrowser -->
        <test-method signature="signUpValidation8()[pri:10, instance:assessment_GIC.IV_SignUpValidation@45b4c3a9]" started-at="2024-09-10T15:54:13 IST" name="signUpValidation8" finished-at="2024-09-10T15:54:16 IST" duration-ms="2911" status="PASS">
          <reporter-output>
            <line>
              <![CDATA[SignUp Failed ErrorMessage = Email: Must be a valid email address.]]>
            </line>
          </reporter-output>
        </test-method> <!-- signUpValidation8 -->
        <test-method is-config="true" signature="closeBrowser()[pri:0, instance:assessment_GIC.IV_SignUpValidation@45b4c3a9]" started-at="2024-09-10T15:54:16 IST" name="closeBrowser" finished-at="2024-09-10T15:54:21 IST" duration-ms="5201" status="PASS">
          <reporter-output>
          </reporter-output>
        </test-method> <!-- closeBrowser -->
        <test-method is-config="true" signature="launchBrowser()[pri:0, instance:assessment_GIC.IV_SignUpValidation@45b4c3a9]" started-at="2024-09-10T15:54:21 IST" name="launchBrowser" finished-at="2024-09-10T15:54:23 IST" duration-ms="2016" status="PASS">
          <reporter-output>
          </reporter-output>
        </test-method> <!-- launchBrowser -->
        <test-method signature="signUpValidation9()[pri:11, instance:assessment_GIC.IV_SignUpValidation@45b4c3a9]" started-at="2024-09-10T15:54:23 IST" name="signUpValidation9" finished-at="2024-09-10T15:54:26 IST" duration-ms="2777" status="PASS">
          <reporter-output>
            <line>
              <![CDATA[SignUp Failed ErrorMessage = Email: Email already exists.]]>
            </line>
          </reporter-output>
        </test-method> <!-- signUpValidation9 -->
        <test-method is-config="true" signature="closeBrowser()[pri:0, instance:assessment_GIC.IV_SignUpValidation@45b4c3a9]" started-at="2024-09-10T15:54:26 IST" name="closeBrowser" finished-at="2024-09-10T15:54:31 IST" duration-ms="5232" status="PASS">
          <reporter-output>
          </reporter-output>
        </test-method> <!-- closeBrowser -->
        <test-method is-config="true" signature="launchBrowser()[pri:0, instance:assessment_GIC.IV_SignUpValidation@45b4c3a9]" started-at="2024-09-10T15:54:31 IST" name="launchBrowser" finished-at="2024-09-10T15:54:33 IST" duration-ms="2048" status="PASS">
          <reporter-output>
          </reporter-output>
        </test-method> <!-- launchBrowser -->
        <test-method signature="signUpValidation10()[pri:12, instance:assessment_GIC.IV_SignUpValidation@45b4c3a9]" started-at="2024-09-10T15:54:33 IST" name="signUpValidation10" finished-at="2024-09-10T15:54:36 IST" duration-ms="2686" status="PASS">
          <reporter-output>
            <line>
              <![CDATA[SignUp Failed ErrorMessage = Email: Must be a valid email address.]]>
            </line>
          </reporter-output>
        </test-method> <!-- signUpValidation10 -->
        <test-method is-config="true" signature="closeBrowser()[pri:0, instance:assessment_GIC.IV_SignUpValidation@45b4c3a9]" started-at="2024-09-10T15:54:36 IST" name="closeBrowser" finished-at="2024-09-10T15:54:41 IST" duration-ms="5194" status="PASS">
          <reporter-output>
          </reporter-output>
        </test-method> <!-- closeBrowser -->
      </class> <!-- assessment_GIC.IV_SignUpValidation -->
    </test> <!-- Default test -->
  </suite> <!-- Default suite -->
</testng-results>
